
13:52:29.340 [info] Loading 146 CA(s) from :otp store

13:52:29.593 id=1 [debug] handled request client -> server initialize in 116ms

13:52:29.601 [debug] sent notification server -> client window/logMessage

13:52:29.605 [debug] NextLS v0.23.4 has initialized!

13:52:29.605 [debug] sent notification server -> client window/logMessage

13:52:29.605 [debug] Log file located at /home/artem/projects/social_life/kalachlegends_blog/.elixir-tools/next-ls.log

13:52:29.609 [debug] sent notification server -> client window/logMessage

13:52:29.609 [info] [extension] Credo initializing with options %NextLS.InitOpts.Extensions.Credo{enable: true, cli_options: []}

13:52:29.614 [debug] handled notification client -> server textDocument/didOpen in 5ms

13:52:34.738 [debug] sent notification server -> client window/logMessage

13:52:34.738 [debug] Booting runtimes...

13:52:34.743 id=3330 [debug] sent request server -> client window/workDoneProgress/create

13:52:34.748 [debug] sent notification server -> client $/progress

13:52:34.763 [debug] sent notification server -> client window/logMessage

13:52:34.764 [info] Beginning DB migration...

13:52:34.770 [debug] sent notification server -> client window/logMessage

13:52:34.770 [info] Database is on the latest version: 7

13:52:34.770 [debug] sent notification server -> client window/logMessage

13:52:34.770 [info] Finished DB migration...

13:52:34.770 [debug] sent notification server -> client window/logMessage

13:52:34.771 [info] Booting runtime for ms_pp.

- elixir: /home/artem/.asdf/shims/elixir
- zombie wrapper script: /home/artem/.local/share/.burrito/next_ls_erts-15.2_0.23.4/lib/next_ls-0.23.4/priv/cmd
- working_dir: /home/artem/projects/work/xt-xarid/ms_pp
- command: /home/artem/.asdf/shims/elixir --no-halt --sname nextls-runtime-1755507154770651310 --cookie HHYKTHK2JHVUZI3HDBMAF64GPJFPN4AV4Y7CQDE27SSFQKZPVAFQ==== -S mix loadpaths --no-compile

Environment: 

LSP=nextls
NEXTLS_PARENT_PID=g1h3K25leHQtbHMtMTc1NTUwNzE0OTM1Njc4NzA0N0BERVNLVE9QLTA3OU00VjIAAADnAAAAAGii6c4=
MIX_ENV=dev
MIX_TARGET=host
MIX_BUILD_ROOT=.elixir-tools/_build
ROOTDIR=false
BINDIR=false
RELEASE_ROOT=false
RELEASE_SYS_CONFIG=false
PATH=/home/artem/.asdf/shims:/home/artem/.local/share/.burrito/next_ls_erts-15.2_0.23.4/bin:/home/artem/.local/share/nvim/mason/bin:/home/artem/.fly/bin:/home/artem/.asdf/shims:/home/artem/.asdf/bin:/home/artem/.nvm/versions/node/v23.8.0/bin:/usr/local/sbin:/usr/local/bin:/usr/sbin:/usr/bin:/sbin:/bin:/usr/games:/usr/local/games:/usr/lib/wsl/lib:/mnt/c/Program Files/Common Files/Oracle/Java/javapath:/mnt/c/Windows/system32:/mnt/c/Windows:/mnt/c/Windows/System32/Wbem:/mnt/c/Windows/System32/WindowsPowerShell/v1.0/:/mnt/c/Windows/System32/OpenSSH/:/mnt/c/Program Files/NVIDIA Corporation/NVIDIA app/NvDLISR:/mnt/c/Program Files (x86)/NVIDIA Corporation/PhysX/Common:/mnt/c/Program Files/Git/cmd:/mnt/c/Program Files (x86)/Windows Kits/10/Windows Performance Toolkit/:/mnt/c/Program Files/Neovim/bin:/mnt/c/ProgramData/chocolatey/bin:/mnt/c/Program Files/nodejs/:/mnt/c/Program Files/Calibre2/:/mnt/c/Users/artem/AppData/Local/Programs/Python/Launcher/:/mnt/c/OSPanel/bin:/mnt/c/Users/artem/AppData/Local/Microsoft/WindowsApps:/mnt/c/Users/artem/AppData/Local/Programs/Microsoft VS Code/bin:/mnt/c/Users/artem/AppData/Local/flutter/bin:/mnt/c/Program Files/Java/jdk-23/bin:/mnt/c/Users/artem/AppData/Local/Programs/cursor/resources/app/bin:/mnt/c/Users/artem/AppData/Local/Programs/Windsurf/bin:/mnt/c/Users/artem/AppData/Local/Microsoft/WinGet/Links:/mnt/c/Users/artem/AppData/Roaming/npm:/mnt/c/Users/artem/AppData/Local/Android/Sdk/platform-tools:/mnt/c/Users/artem/AppData/Roaming/Programs/Zero Install:/snap/bin


13:52:34.771 [debug] handled notification client -> server initialized in 5175ms

13:52:35.782 [debug] sent notification server -> client window/logMessage

13:52:35.782 [info] Connected to node nextls-runtime-1755507154770651310@DESKTOP-079M4V2

13:52:35.794 [debug] sent notification server -> client window/logMessage

13:52:35.794 [info] ** (Mix) You're trying to run :ms_pp on Elixir v1.14.3 but it has declared in its mix.exs file it supports only Elixir ~> 1.14.4


13:52:35.795 [debug] sent notification server -> client window/logMessage

13:52:35.795 [debug] sent notification server -> client $/progress

13:52:35.795 [error] Bad RPC call to node nextls-runtime-1755507154770651310@DESKTOP-079M4V2: :nodedown

13:52:35.796 [debug] sent notification server -> client window/logMessage

13:52:35.796 [error] Runtime for folder ms_pp failed to initialize

13:52:35.799 [debug] sent notification server -> client window/logMessage

13:52:35.799 [info] The runtime for ms_pp has successfully shut down.
